2020-08-25 20:53:24,181   DEBUG      Invalid form: CSV file does not exist (forms.py:79)
2020-08-25 20:53:24,181   DEBUG      Invalid form: Required: num_scenarios >= (2 * num_games) - 1. {'case': 'Non-control', 'num_users': 10, 'num_games': 2} (forms.py:99)
2020-08-25 20:54:49,216   DEBUG      Invalid form: Required: num_scenarios >= (2 * num_games) - 1. {'name': 'Test', 'case': 'Non-control', 'start': datetime.datetime(2020, 8, 25, 21, 0, tzinfo=<UTC>), 'num_users': 10, 'num_games': 2} (forms.py:99)
2020-08-25 20:56:14,196   DEBUG      Invalid form: Required: num_scenarios >= (2 * num_games) - 1. {'name': 'Test', 'case': 'Non-control', 'start': datetime.datetime(2020, 8, 25, 21, 0, tzinfo=<UTC>), 'num_users': 10, 'num_games': 2} (forms.py:99)
2020-08-25 20:56:30,878   DEBUG      Valid form passed: {'name': 'Test', 'case': 'Non-control', 'start': datetime.datetime(2020, 8, 25, 21, 0, tzinfo=<UTC>), 'num_users': 10, 'num_games': 2, 'scenarios': <QuerySet [<ScenarioPair: C++ vs. Python 2>, <ScenarioPair: C++ vs. Python 1>, <ScenarioPair: C++ vs. Python 3>]>} (forms.py:105)
2020-08-25 20:56:30,892   DEBUG      Step 0 Completed: Loaded code names from Test.csv (models.py:287)
2020-08-25 20:56:30,988   DEBUG      Step 1 Completed: Generated User objects (models.py:291)
2020-08-25 20:56:30,988   DEBUG      Step 2 Completed: Generated game pairs - [(3, 9), (6, 8), (7, 5), (2, 7), (1, 4), (5, 0), (9, 3), (0, 1), (4, 2), (8, 6)] (models.py:309)
2020-08-25 20:56:31,025   DEBUG      Generated: Game between Test03 and Test09 on "C++ vs. Python 2" (models.py:330)
2020-08-25 20:56:31,052   DEBUG      Generated: Game between Test06 and Test08 on "C++ vs. Python 2" (models.py:330)
2020-08-25 20:56:31,080   DEBUG      Generated: Game between Test07 and Test05 on "C++ vs. Python 1" (models.py:330)
2020-08-25 20:56:31,112   DEBUG      Generated: Game between Test02 and Test07 on "C++ vs. Python 3" (models.py:330)
2020-08-25 20:56:31,144   DEBUG      Generated: Game between Test01 and Test04 on "C++ vs. Python 3" (models.py:330)
2020-08-25 20:56:31,181   DEBUG      Generated: Game between Test05 and Test00 on "C++ vs. Python 2" (models.py:330)
2020-08-25 20:56:31,221   DEBUG      Generated: Game between Test09 and Test03 on "C++ vs. Python 3" (models.py:330)
2020-08-25 20:56:31,261   DEBUG      Generated: Game between Test00 and Test01 on "C++ vs. Python 1" (models.py:330)
2020-08-25 20:56:31,306   DEBUG      Generated: Game between Test04 and Test02 on "C++ vs. Python 1" (models.py:330)
2020-08-25 20:56:31,352   DEBUG      Generated: Game between Test08 and Test06 on "C++ vs. Python 1" (models.py:330)
2020-08-25 20:56:31,352   DEBUG      Step 3 Completed: Generated games (models.py:331)
2020-08-25 20:56:31,355   DEBUG      Step 4 Completed: Finished generating 10 games (models.py:336)
2020-08-25 20:56:31,356   DEBUG      Step 5 Completed: Generated CSV file (models.py:342)
